<?xml version="1.0" encoding="UTF-8"?>
<coverage generated="1503180532726" clover="3.2.0">
  <project timestamp="1503180532726" name="All files">
    <metrics statements="25" coveredstatements="24" conditionals="18" coveredconditionals="12" methods="7" coveredmethods="6" elements="50" coveredelements="42" complexity="0" loc="25" ncloc="25" packages="2" files="2" classes="2">
      <package name="__mock__">
        <metrics statements="2" coveredstatements="2" conditionals="0" coveredconditionals="0" methods="1" coveredmethods="1"/>
        <file name="test-data.js" path="/Users/soniacat/Desktop/vending-machine/__mock__/test-data.js">
          <metrics statements="2" coveredstatements="2" conditionals="0" coveredconditionals="0" methods="1" coveredmethods="1"/>
          <line num="1" count="5" type="stmt"/>
          <line num="3" count="1" type="stmt"/>
        </file>
      </package>
      <package name="src">
        <metrics statements="23" coveredstatements="22" conditionals="18" coveredconditionals="12" methods="6" coveredmethods="5"/>
        <file name="vending-machine.js" path="/Users/soniacat/Desktop/vending-machine/src/vending-machine.js">
          <metrics statements="23" coveredstatements="22" conditionals="18" coveredconditionals="12" methods="6" coveredmethods="5"/>
          <line num="1" count="1" type="stmt"/>
          <line num="2" count="1" type="stmt"/>
          <line num="8" count="5" type="stmt"/>
          <line num="12" count="1" type="stmt"/>
          <line num="17" count="1" type="stmt"/>
          <line num="18" count="1" type="stmt"/>
          <line num="19" count="1" type="cond" truecount="1" falsecount="1"/>
          <line num="20" count="1" type="cond" truecount="1" falsecount="1"/>
          <line num="21" count="1" type="stmt"/>
          <line num="22" count="1" type="stmt"/>
          <line num="29" count="1" type="stmt"/>
          <line num="30" count="1" type="stmt"/>
          <line num="31" count="1" type="cond" truecount="1" falsecount="1"/>
          <line num="32" count="1" type="cond" truecount="1" falsecount="1"/>
          <line num="33" count="1" type="stmt"/>
          <line num="34" count="1" type="stmt"/>
          <line num="41" count="2" type="cond" truecount="4" falsecount="0"/>
          <line num="42" count="1" type="stmt"/>
          <line num="43" count="4" type="cond" truecount="1" falsecount="1"/>
          <line num="44" count="4" type="cond" truecount="3" falsecount="1"/>
          <line num="45" count="0" type="stmt"/>
          <line num="49" count="2" type="stmt"/>
          <line num="61" count="1" type="stmt"/>
        </file>
      </package>
    </metrics>
  </project>
</coverage>
