<?xml version="1.0" encoding="UTF-8"?>
<coverage generated="1503117948823" clover="3.2.0">
  <project timestamp="1503117948823" name="All files">
    <metrics statements="13" coveredstatements="13" conditionals="2" coveredconditionals="1" methods="7" coveredmethods="4" elements="22" coveredelements="18" complexity="0" loc="13" ncloc="13" packages="2" files="2" classes="2">
      <package name="__mock__">
        <metrics statements="2" coveredstatements="2" conditionals="0" coveredconditionals="0" methods="1" coveredmethods="1"/>
        <file name="test-data.js" path="/Users/soniacat/Desktop/vending-machine/__mock__/test-data.js">
          <metrics statements="2" coveredstatements="2" conditionals="0" coveredconditionals="0" methods="1" coveredmethods="1"/>
          <line num="1" count="2" type="stmt"/>
          <line num="3" count="1" type="stmt"/>
        </file>
      </package>
      <package name="src">
        <metrics statements="11" coveredstatements="11" conditionals="2" coveredconditionals="1" methods="6" coveredmethods="3"/>
        <file name="vending-machine.js" path="/Users/soniacat/Desktop/vending-machine/src/vending-machine.js">
          <metrics statements="11" coveredstatements="11" conditionals="2" coveredconditionals="1" methods="6" coveredmethods="3"/>
          <line num="1" count="1" type="stmt"/>
          <line num="2" count="1" type="stmt"/>
          <line num="4" count="1" type="stmt"/>
          <line num="41" count="2" type="stmt"/>
          <line num="45" count="1" type="stmt"/>
          <line num="50" count="1" type="stmt"/>
          <line num="51" count="1" type="stmt"/>
          <line num="52" count="1" type="cond" truecount="1" falsecount="1"/>
          <line num="53" count="1" type="stmt"/>
          <line num="54" count="1" type="stmt"/>
          <line num="76" count="1" type="stmt"/>
        </file>
      </package>
    </metrics>
  </project>
</coverage>
