{"/Users/soniacat/Desktop/vending-machine/__mock__/test-data.js": {"path":"/Users/soniacat/Desktop/vending-machine/__mock__/test-data.js","statementMap":{"0":{"start":{"line":1,"column":17},"end":{"line":1,"column":29}},"1":{"start":{"line":1,"column":25},"end":{"line":1,"column":29}},"2":{"start":{"line":3,"column":0},"end":{"line":3,"column":26}}},"fnMap":{"0":{"name":"(anonymous_0)","decl":{"start":{"line":1,"column":17},"end":{"line":1,"column":18}},"loc":{"start":{"line":1,"column":25},"end":{"line":1,"column":29}},"line":1}},"branchMap":{},"s":{"0":1,"1":5,"2":1},"f":{"0":5},"b":{},"_coverageSchema":"332fd63041d2c1bcb487cc26dd0d5f7d97098a6c","hash":"7a6044cfc42d642d613eea050c78d63064c35d7c"}
,"/Users/soniacat/Desktop/vending-machine/src/vending-machine.js": {"path":"/Users/soniacat/Desktop/vending-machine/src/vending-machine.js","statementMap":{"0":{"start":{"line":1,"column":18},"end":{"line":1,"column":46}},"1":{"start":{"line":2,"column":17},"end":{"line":2,"column":49}},"2":{"start":{"line":8,"column":4},"end":{"line":8,"column":32}},"3":{"start":{"line":12,"column":4},"end":{"line":12,"column":32}},"4":{"start":{"line":17,"column":19},"end":{"line":17,"column":21}},"5":{"start":{"line":18,"column":4},"end":{"line":25,"column":5}},"6":{"start":{"line":19,"column":6},"end":{"line":24,"column":7}},"7":{"start":{"line":20,"column":8},"end":{"line":23,"column":9}},"8":{"start":{"line":21,"column":31},"end":{"line":21,"column":73}},"9":{"start":{"line":22,"column":10},"end":{"line":22,"column":68}},"10":{"start":{"line":29,"column":21},"end":{"line":29,"column":23}},"11":{"start":{"line":30,"column":4},"end":{"line":37,"column":5}},"12":{"start":{"line":31,"column":6},"end":{"line":36,"column":7}},"13":{"start":{"line":32,"column":8},"end":{"line":35,"column":9}},"14":{"start":{"line":33,"column":30},"end":{"line":33,"column":77}},"15":{"start":{"line":34,"column":10},"end":{"line":34,"column":70}},"16":{"start":{"line":41,"column":4},"end":{"line":49,"column":5}},"17":{"start":{"line":42,"column":6},"end":{"line":48,"column":7}},"18":{"start":{"line":43,"column":8},"end":{"line":47,"column":9}},"19":{"start":{"line":44,"column":10},"end":{"line":46,"column":11}},"20":{"start":{"line":45,"column":12},"end":{"line":45,"column":24}},"21":{"start":{"line":46,"column":12},"end":{"line":46,"column":25}},"22":{"start":{"line":49,"column":6},"end":{"line":49,"column":19}},"23":{"start":{"line":53,"column":4},"end":{"line":61,"column":5}},"24":{"start":{"line":54,"column":6},"end":{"line":60,"column":7}},"25":{"start":{"line":55,"column":8},"end":{"line":59,"column":9}},"26":{"start":{"line":56,"column":10},"end":{"line":58,"column":11}},"27":{"start":{"line":57,"column":12},"end":{"line":57,"column":49}},"28":{"start":{"line":61,"column":6},"end":{"line":61,"column":19}},"29":{"start":{"line":73,"column":0},"end":{"line":75,"column":1}}},"fnMap":{"0":{"name":"(anonymous_0)","decl":{"start":{"line":5,"column":2},"end":{"line":5,"column":3}},"loc":{"start":{"line":5,"column":20},"end":{"line":9,"column":3}},"line":5},"1":{"name":"(anonymous_1)","decl":{"start":{"line":11,"column":2},"end":{"line":11,"column":3}},"loc":{"start":{"line":11,"column":19},"end":{"line":13,"column":3}},"line":11},"2":{"name":"(anonymous_2)","decl":{"start":{"line":16,"column":2},"end":{"line":16,"column":3}},"loc":{"start":{"line":16,"column":20},"end":{"line":26,"column":3}},"line":16},"3":{"name":"(anonymous_3)","decl":{"start":{"line":28,"column":2},"end":{"line":28,"column":3}},"loc":{"start":{"line":28,"column":19},"end":{"line":38,"column":3}},"line":28},"4":{"name":"(anonymous_4)","decl":{"start":{"line":40,"column":2},"end":{"line":40,"column":3}},"loc":{"start":{"line":40,"column":22},"end":{"line":50,"column":3}},"line":40},"5":{"name":"(anonymous_5)","decl":{"start":{"line":52,"column":2},"end":{"line":52,"column":3}},"loc":{"start":{"line":52,"column":38},"end":{"line":62,"column":3}},"line":52},"6":{"name":"(anonymous_6)","decl":{"start":{"line":64,"column":2},"end":{"line":64,"column":3}},"loc":{"start":{"line":64,"column":17},"end":{"line":66,"column":3}},"line":64}},"branchMap":{"0":{"loc":{"start":{"line":19,"column":6},"end":{"line":24,"column":7}},"type":"if","locations":[{"start":{"line":19,"column":6},"end":{"line":24,"column":7}},{"start":{"line":19,"column":6},"end":{"line":24,"column":7}}],"line":19},"1":{"loc":{"start":{"line":20,"column":8},"end":{"line":23,"column":9}},"type":"if","locations":[{"start":{"line":20,"column":8},"end":{"line":23,"column":9}},{"start":{"line":20,"column":8},"end":{"line":23,"column":9}}],"line":20},"2":{"loc":{"start":{"line":31,"column":6},"end":{"line":36,"column":7}},"type":"if","locations":[{"start":{"line":31,"column":6},"end":{"line":36,"column":7}},{"start":{"line":31,"column":6},"end":{"line":36,"column":7}}],"line":31},"3":{"loc":{"start":{"line":32,"column":8},"end":{"line":35,"column":9}},"type":"if","locations":[{"start":{"line":32,"column":8},"end":{"line":35,"column":9}},{"start":{"line":32,"column":8},"end":{"line":35,"column":9}}],"line":32},"4":{"loc":{"start":{"line":41,"column":4},"end":{"line":49,"column":5}},"type":"if","locations":[{"start":{"line":41,"column":4},"end":{"line":49,"column":5}},{"start":{"line":41,"column":4},"end":{"line":49,"column":5}}],"line":41},"5":{"loc":{"start":{"line":43,"column":8},"end":{"line":47,"column":9}},"type":"if","locations":[{"start":{"line":43,"column":8},"end":{"line":47,"column":9}},{"start":{"line":43,"column":8},"end":{"line":47,"column":9}}],"line":43},"6":{"loc":{"start":{"line":44,"column":10},"end":{"line":46,"column":11}},"type":"if","locations":[{"start":{"line":44,"column":10},"end":{"line":46,"column":11}},{"start":{"line":44,"column":10},"end":{"line":46,"column":11}}],"line":44},"7":{"loc":{"start":{"line":53,"column":4},"end":{"line":61,"column":5}},"type":"if","locations":[{"start":{"line":53,"column":4},"end":{"line":61,"column":5}},{"start":{"line":53,"column":4},"end":{"line":61,"column":5}}],"line":53},"8":{"loc":{"start":{"line":53,"column":8},"end":{"line":53,"column":28}},"type":"binary-expr","locations":[{"start":{"line":53,"column":8},"end":{"line":53,"column":17}},{"start":{"line":53,"column":21},"end":{"line":53,"column":28}}],"line":53},"9":{"loc":{"start":{"line":55,"column":8},"end":{"line":59,"column":9}},"type":"if","locations":[{"start":{"line":55,"column":8},"end":{"line":59,"column":9}},{"start":{"line":55,"column":8},"end":{"line":59,"column":9}}],"line":55},"10":{"loc":{"start":{"line":56,"column":10},"end":{"line":58,"column":11}},"type":"if","locations":[{"start":{"line":56,"column":10},"end":{"line":58,"column":11}},{"start":{"line":56,"column":10},"end":{"line":58,"column":11}}],"line":56},"11":{"loc":{"start":{"line":56,"column":14},"end":{"line":56,"column":101}},"type":"binary-expr","locations":[{"start":{"line":56,"column":14},"end":{"line":56,"column":55}},{"start":{"line":56,"column":59},"end":{"line":56,"column":101}}],"line":56}},"s":{"0":1,"1":1,"2":5,"3":1,"4":1,"5":1,"6":1,"7":1,"8":1,"9":1,"10":1,"11":1,"12":1,"13":1,"14":1,"15":1,"16":2,"17":1,"18":1,"19":1,"20":0,"21":1,"22":1,"23":0,"24":0,"25":0,"26":0,"27":0,"28":0,"29":1},"f":{"0":5,"1":1,"2":1,"3":1,"4":2,"5":0,"6":0},"b":{"0":[1,0],"1":[1,0],"2":[1,0],"3":[1,0],"4":[1,1],"5":[1,0],"6":[0,1],"7":[0,0],"8":[0,0],"9":[0,0],"10":[0,0],"11":[0,0]},"_coverageSchema":"332fd63041d2c1bcb487cc26dd0d5f7d97098a6c","hash":"54ca92b4edc202b69259067f0bda5b799753a361"}
}
