{"/Users/soniacat/Desktop/vending-machine/__mock__/test-data.js": {"path":"/Users/soniacat/Desktop/vending-machine/__mock__/test-data.js","statementMap":{"0":{"start":{"line":1,"column":17},"end":{"line":1,"column":29}},"1":{"start":{"line":1,"column":25},"end":{"line":1,"column":29}},"2":{"start":{"line":3,"column":0},"end":{"line":3,"column":26}}},"fnMap":{"0":{"name":"(anonymous_0)","decl":{"start":{"line":1,"column":17},"end":{"line":1,"column":18}},"loc":{"start":{"line":1,"column":25},"end":{"line":1,"column":29}},"line":1}},"branchMap":{},"s":{"0":1,"1":2,"2":1},"f":{"0":2},"b":{},"_coverageSchema":"332fd63041d2c1bcb487cc26dd0d5f7d97098a6c","hash":"7a6044cfc42d642d613eea050c78d63064c35d7c"}
,"/Users/soniacat/Desktop/vending-machine/src/vending-machine.js": {"path":"/Users/soniacat/Desktop/vending-machine/src/vending-machine.js","statementMap":{"0":{"start":{"line":1,"column":18},"end":{"line":1,"column":46}},"1":{"start":{"line":2,"column":17},"end":{"line":2,"column":49}},"2":{"start":{"line":4,"column":21},"end":{"line":35,"column":1}},"3":{"start":{"line":41,"column":4},"end":{"line":41,"column":32}},"4":{"start":{"line":45,"column":4},"end":{"line":45,"column":32}},"5":{"start":{"line":50,"column":19},"end":{"line":50,"column":21}},"6":{"start":{"line":51,"column":4},"end":{"line":56,"column":5}},"7":{"start":{"line":52,"column":6},"end":{"line":55,"column":7}},"8":{"start":{"line":53,"column":29},"end":{"line":53,"column":71}},"9":{"start":{"line":54,"column":8},"end":{"line":54,"column":66}},"10":{"start":{"line":76,"column":0},"end":{"line":78,"column":1}}},"fnMap":{"0":{"name":"(anonymous_0)","decl":{"start":{"line":38,"column":2},"end":{"line":38,"column":3}},"loc":{"start":{"line":38,"column":20},"end":{"line":42,"column":3}},"line":38},"1":{"name":"(anonymous_1)","decl":{"start":{"line":44,"column":2},"end":{"line":44,"column":3}},"loc":{"start":{"line":44,"column":19},"end":{"line":46,"column":3}},"line":44},"2":{"name":"(anonymous_2)","decl":{"start":{"line":49,"column":2},"end":{"line":49,"column":3}},"loc":{"start":{"line":49,"column":20},"end":{"line":57,"column":3}},"line":49},"3":{"name":"(anonymous_3)","decl":{"start":{"line":59,"column":2},"end":{"line":59,"column":3}},"loc":{"start":{"line":59,"column":19},"end":{"line":61,"column":3}},"line":59},"4":{"name":"(anonymous_4)","decl":{"start":{"line":63,"column":2},"end":{"line":63,"column":3}},"loc":{"start":{"line":63,"column":20},"end":{"line":65,"column":3}},"line":63},"5":{"name":"(anonymous_5)","decl":{"start":{"line":67,"column":2},"end":{"line":67,"column":3}},"loc":{"start":{"line":67,"column":17},"end":{"line":69,"column":3}},"line":67}},"branchMap":{"0":{"loc":{"start":{"line":52,"column":6},"end":{"line":55,"column":7}},"type":"if","locations":[{"start":{"line":52,"column":6},"end":{"line":55,"column":7}},{"start":{"line":52,"column":6},"end":{"line":55,"column":7}}],"line":52}},"s":{"0":1,"1":1,"2":1,"3":2,"4":1,"5":1,"6":1,"7":1,"8":1,"9":1,"10":1},"f":{"0":2,"1":1,"2":1,"3":0,"4":0,"5":0},"b":{"0":[1,0]},"_coverageSchema":"332fd63041d2c1bcb487cc26dd0d5f7d97098a6c","hash":"f3522f4164b49007c8b574cd0f571711182fb0f4"}
}
